<?xml version="1.0" encoding="UTF-8"?>
<testng-results ignored="0" total="1" passed="0" failed="1" skipped="0">
  <reporter-output>
  </reporter-output>
  <suite started-at="2023-02-08T21:55:43 IST" name="Default suite" finished-at="2023-02-08T21:55:56 IST" duration-ms="13645">
    <groups>
    </groups>
    <test started-at="2023-02-08T21:55:43 IST" name="Default test" finished-at="2023-02-08T21:55:56 IST" duration-ms="13645">
      <class name="practicals.softasser">
        <test-method is-config="true" signature="beforeTest()[pri:0, instance:practicals.softasser@41fecb8b]" started-at="2023-02-08T21:55:43 IST" name="beforeTest" finished-at="2023-02-08T21:55:49 IST" duration-ms="6646" status="PASS">
          <reporter-output>
          </reporter-output>
        </test-method> <!-- beforeTest -->
        <test-method signature="login()[pri:0, instance:practicals.softasser@41fecb8b]" started-at="2023-02-08T21:55:49 IST" name="login" finished-at="2023-02-08T21:55:56 IST" duration-ms="6915" status="FAIL">
          <exception class="java.lang.AssertionError">
            <message>
              <![CDATA[The following asserts failed:
expected [https://www.facebook.com/login/device-based/regular/login/?login_attempt=1&lwv=100] but found [https://www.facebook.com/login/device-basedregular/login/?login_attempt=1&lwv=1000],
expected [0.8px solid rgb(240, 40, 73)] but found [1px solid rgb(240, 40, 73)],
expected [The email address or mobile number you entered isn't connected to an account. Create a new Facebook account.] but found [The email address or mobile number you entered isn't connected to an account. Find your account and log in.]]]>
            </message>
            <full-stacktrace>
              <![CDATA[java.lang.AssertionError: The following asserts failed:
expected [https://www.facebook.com/login/device-based/regular/login/?login_attempt=1&lwv=100] but found [https://www.facebook.com/login/device-basedregular/login/?login_attempt=1&lwv=1000],
expected [0.8px solid rgb(240, 40, 73)] but found [1px solid rgb(240, 40, 73)],
expected [The email address or mobile number you entered isn't connected to an account. Create a new Facebook account.] but found [The email address or mobile number you entered isn't connected to an account. Find your account and log in.]
at org.testng.asserts.SoftAssert.assertAll(SoftAssert.java:47)
at org.testng.asserts.SoftAssert.assertAll(SoftAssert.java:31)
at practicals.softasser.login(softasser.java:41)
at java.base/jdk.internal.reflect.NativeMethodAccessorImpl.invoke0(Native Method)
at java.base/jdk.internal.reflect.NativeMethodAccessorImpl.invoke(NativeMethodAccessorImpl.java:77)
at java.base/jdk.internal.reflect.DelegatingMethodAccessorImpl.invoke(DelegatingMethodAccessorImpl.java:43)
at java.base/java.lang.reflect.Method.invoke(Method.java:568)
at org.testng.internal.MethodInvocationHelper.invokeMethod(MethodInvocationHelper.java:133)
at org.testng.internal.TestInvoker.invokeMethod(TestInvoker.java:598)
at org.testng.internal.TestInvoker.invokeTestMethod(TestInvoker.java:173)
at org.testng.internal.MethodRunner.runInSequence(MethodRunner.java:46)
at org.testng.internal.TestInvoker$MethodInvocationAgent.invoke(TestInvoker.java:824)
at org.testng.internal.TestInvoker.invokeTestMethods(TestInvoker.java:146)
at org.testng.internal.TestMethodWorker.invokeTestMethods(TestMethodWorker.java:146)
at org.testng.internal.TestMethodWorker.run(TestMethodWorker.java:128)
at java.base/java.util.ArrayList.forEach(ArrayList.java:1511)
at org.testng.TestRunner.privateRun(TestRunner.java:794)
at org.testng.TestRunner.run(TestRunner.java:596)
at org.testng.SuiteRunner.runTest(SuiteRunner.java:377)
at org.testng.SuiteRunner.runSequentially(SuiteRunner.java:371)
at org.testng.SuiteRunner.privateRun(SuiteRunner.java:332)
at org.testng.SuiteRunner.run(SuiteRunner.java:276)
at org.testng.SuiteRunnerWorker.runSuite(SuiteRunnerWorker.java:53)
at org.testng.SuiteRunnerWorker.run(SuiteRunnerWorker.java:96)
at org.testng.TestNG.runSuitesSequentially(TestNG.java:1212)
at org.testng.TestNG.runSuitesLocally(TestNG.java:1134)
at org.testng.TestNG.runSuites(TestNG.java:1063)
at org.testng.TestNG.run(TestNG.java:1031)
at org.testng.remote.AbstractRemoteTestNG.run(AbstractRemoteTestNG.java:115)
at org.testng.remote.RemoteTestNG.initAndRun(RemoteTestNG.java:251)
at org.testng.remote.RemoteTestNG.main(RemoteTestNG.java:77)
]]>
            </full-stacktrace>
          </exception> <!-- java.lang.AssertionError -->
          <reporter-output>
          </reporter-output>
        </test-method> <!-- login -->
      </class> <!-- practicals.softasser -->
    </test> <!-- Default test -->
  </suite> <!-- Default suite -->
</testng-results>
